[Bootstrap]
SetupTitle=Install
SetupText=Copying Files, please stand by.
CabFile=Project1.CAB
Spawn=Setup1.exe
Uninstal=st6unst.exe
TmpDir=msftqws.pdw
Cabs=1

[Bootstrap Files]
File1=@VB6STKIT.DLL,$(WinSysPathSysFile),,,6-18-98 12:00:00 AM,102912,6.0.81.69
File2=@COMCAT.DLL,$(WinSysPathSysFile),$(DLLSelfRegister),,5-31-98 12:00:00 AM,22288,4.71.1460.1
File3=@stdole2.tlb,$(WinSysPathSysFile),$(TLBRegister),,5-7-22 10:49:47 AM,18432,6.2.22621.1
File4=@asycfilt.dll,$(WinSysPathSysFile),,,5-7-22 10:50:00 AM,77312,6.2.22621.1
File5=@olepro32.dll,$(WinSysPathSysFile),$(DLLSelfRegister),,5-7-22 10:50:00 AM,97792,6.2.22621.1
File6=@oleaut32.dll,$(WinSysPathSysFile),$(DLLSelfRegister),,2-8-23 12:58:49 PM,631696,6.2.22621.608
File7=@msvbvm60.dll,$(WinSysPathSysFile),$(DLLSelfRegister),,5-7-22 10:50:00 AM,1436032,6.0.98.48

[IconGroups]
Group0=CRIMINAL SPOT
PrivateGroup0=True
Parent0=$(Programs)

[CRIMINAL SPOT]
Icon1="Project1.exe"
Title1=CRIMINAL SPOT
StartIn1=$(AppPath)

[Setup]
Title=CRIMINAL SPOT
DefaultDir=$(ProgramFiles)\Project1
AppExe=Project1.exe
AppToUninstall=Project1.exe

[Setup1 Files]
File1=@MDAC_TYP.EXE,$(AppPath),,,6-26-98 12:00:00 AM,8124720,4.71.1015.0
File2=@MSDERUN.DLL,$(CommonFiles)\designer,$(DLLSelfRegister),$(Shared),6-9-98 12:00:00 AM,137216,6.0.0.3005
File3=@MSCOMCT2.OCX,$(WinSysPath),$(DLLSelfRegister),$(Shared),6-26-98 12:00:00 AM,644400,6.0.81.77
File4=@wiaaut.dll,$(WinSysPath),$(DLLSelfRegister),$(Shared),5-7-22 10:50:19 AM,699904,6.2.22621.1
File5=@COMCT232.OCX,$(WinSysPath),$(DLLSelfRegister),$(Shared),6-24-98 12:00:00 AM,164144,6.0.80.22
File6=@ezVidC60.ocx,$(WinSysPath),$(DLLSelfRegister),$(Shared),3-10-23 9:56:30 PM,114688,1.2.0.0
File7=@COMDLG32.OCX,$(WinSysPath),$(DLLSelfRegister),$(Shared),6-24-98 12:00:00 AM,140096,6.0.81.69
File8=@MSDATLST.OCX,$(WinSysPath),$(DLLSelfRegister),$(Shared),6-24-98 12:00:00 AM,232248,6.0.81.69
File9=@MSSTDFMT.DLL,$(WinSysPath),$(DLLSelfRegister),$(Shared),6-18-98 12:00:00 AM,118784,6.0.81.69
File10=@MSDATGRD.OCX,$(WinSysPath),$(DLLSelfRegister),$(Shared),6-24-98 12:00:00 AM,260920,6.0.81.69
File11=@MSADODC.OCX,$(WinSysPath),$(DLLSelfRegister),$(Shared),6-24-98 12:00:00 AM,118064,6.0.81.71
File12=@MSCOMCTL.OCX,$(WinSysPath),$(DLLSelfRegister),$(Shared),12-19-09 1:28:16 PM,1069376,6.1.98.18
File13=@ezvidcap.ocx,$(WinSysPath),$(DLLSelfRegister),$(Shared),3-10-23 8:51:32 PM,105472,1.2.0.0
File14=@vstoee100.tlb,$(WinSysPath),,$(Shared),2-2-02 7:32:02 AM,16536,10.0.-4708.0
File15=@wmp.dll,$(AppPath),,,5-7-22 12:33:00 AM,9520128,12.0.22621.1
File16=@MSBIND.DLL,$(WinSysPath),$(DLLSelfRegister),$(Shared),6-18-98 12:00:00 AM,77824,6.0.81.69
File17=@RDOCURS.DLL,$(WinSysPath),,$(Shared),6-18-98 12:00:00 AM,151552,5.0.81.69
File18=@MSRDO20.DLL,$(WinSysPath),$(DLLSelfRegister),$(Shared),6-18-98 12:00:00 AM,393216,6.0.81.69
File19=@MSCDRUN.DLL,$(CommonFiles)\Designer,$(DLLSelfRegister),$(Shared),6-18-98 12:00:00 AM,49152,6.0.81.69
File20=@Project1.exe,$(AppPath),,$(Shared),7-13-23 11:59:18 AM,2600960,1.0.0.0

; The following lines may be deleted in order to obtain extra 
; space for customizing this file on a full installation diskette.
; 
; XXXXXXXXXXXXXXXXXXXXXXXXXXXXXXXXXXXXXXXXXXXXXXXXXXXXXXXXXXXX
; XXXXXXXXXXXXXXXXXXXXXXXXXXXXXXXXXXXXXXXXXXXXXXXXXXXXXXXXXXXX
; XXXXXXXXXXXXXXXXXXXXXXXXXXXXXXXXXXXXXXXXXXXXXXXXXXXXXXXXXXXX
; XXXXXXXXXXXXXXXXXXXXXXXXXXXXXXXXXXXXXXXXXXXXXXXXXXXXXXXXXXXX
; XXXXXXXXXXXXXXXXXXXXXXXXXXXXXXXXXXXXXXXXXXXXXXXXXXXXXXXXXXXX
; XXXXXXXXXXXXXXXXXXXXXXXXXXXXXXXXXXXXXXXXXXXXXXXXXXXXXXXXXXXX
; XXXXXXXXXXXXXXXXXXXXXXXXXXXXXXXXXXXXXXXXXXXXXXXXXXXXXXXXXXXX
; XXXXXXXXXXXXXXXXXXXXXXXXXXXXXXXXXXXXXXXXXXXXXXXXXXXXXXXXXXXX
; XXXXXXXXXXXXXXXXXXXXXXXXXXXXXXXXXXXXXXXXXXXXXXXXXXXXXXXXXXXX
; XXXXXXXXXXXXXXXXXXXXXXXXXXXXXXXXXXXXXXXXXXXXXXXXXXXXXXXXXXXX
; XXXXXXXXXXXXXXXXXXXXXXXXXXXXXXXXXXXXXXXXXXXXXXXXXXXXXXXXXXXX
; XXXXXXXXXXXXXXXXXXXXXXXXXXXXXXXXXXXXXXXXXXXXXXXXXXXXXXXXXXXX
; XXXXXXXXXXXXXXXXXXXXXXXXXXXXXXXXXXXXXXXXXXXXXXXXXXXXXXXXXXXX
; XXXXXXXXXXXXXXXXXXXXXXXXXXXXXXXXXXXXXXXXXXXXXXXXXXXXXXXXXXXX
; XXXXXXXXXXXXXXXXXXXXXXXXXXXXXXXXXXXXXXXXXXXXXXXXXXXXXXXXXXXX
; XXXXXXXXXXXXXXXXXXXXXXXXXXXXXXXXXXXXXXXXXXXXXXXXXXXXXXXXXXXX
; XXXXXXXXXXXXXXXXXXXXXXXXXXXXXXXXXXXXXXXXXXXXXXXXXXXXXXXXXXXX
; XXXXXXXXXXXXXXXXXXXXXXXXXXXXXXXXXXXXXXXXXXXXXXXXXXXXXXXXXXXX
; XXXXXXXXXXXXXXXXXXXXXXXXXXXXXXXXXXXXXXXXXXXXXXXXXXXXXXXXXXXX
; XXXXXXXXXXXXXXXXXXXXXXXXXXXXXXXXXXXXXXXXXXXXXXXXXXXXXXXXXXXX
; XXXXXXXXXXXXXXXXXXXXXXXXXXXXXXXXXXXXXXXXXXXXXXXXXXXXXXXXXXXX
; XXXXXXXXXXXXXXXXXXXXXXXXXXXXXXXXXXXXXXXXXXXXXXXXXXXXXXXXXXXX
; XXXXXXXXXXXXXXXXXXXXXXXXXXXXXXXXXXXXXXXXXXXXXXXXXXXXXXXXXXXX
; XXXXXXXXXXXXXXXXXXXXXXXXXXXXXXXXXXXXXXXXXXXXXXXXXXXXXXXXXXXX
; XXXXXXXXXXXXXXXXXXXXXXXXXXXXXXXXXXXXXXXXXXXXXXXXXXXXXXXXXXXX
; XXXXXXXXXXXXXXXXXXXXXXXXXXXXXXXXXXXXXXXXXXXXXXXXXXXXXXXXXXXX
; XXXXXXXXXXXXXXXXXXXXXXXXXXXXXXXXXXXXXXXXXXXXXXXXXXXXXXXXXXXX
; XXXXXXXXXXXXXXXXXXXXXXXXXXXXXXXXXXXXXXXXXXXXXXXXXXXXXXXXXXXX
; XXXXXXXXXXXXXXXXXXXXXXXXXXXXXXXXXXXXXXXXXXXXXXXXXXXXXXXXXXXX
; XXXXXXXXXXXXXXXXXXXXXXXXXXXXXXXXXXXXXXXXXXXXXXXXXXXXXXXXXXXX
; XXXXXXXXXXXXXXXXXXXXXXXXXXXXXXXXXXXXXXXXXXXXXXXXXXXXXXXXXXXX
; XXXXXXXXXXXXXXXXXXXXXXXXXXXXXXXXXXXXXXXXXXXXXXXXXXXXXXXXXXXX
; XXXXXXXXXXXXXXXXXXXXXXXXXXXXXXXXXXXXXXXXXXXXXXXXXXXXXXXXXXXX
; XXXXXXXXXXXXXXXXXXXXXXXXXXXXXXXXXXXXXXXXXXXXXXXXXXXXXXXXXXXX
; XXXXXXXXXXXXXXXXXXXXXXXXXXXXXXXXXXXXXXXXXXXXXXXXXXXXXXXXXXXX
